2021-03-31 13:15:12.110  INFO 18076 --- [restartedMain] com.soreak.WelogApplication              : Starting WelogApplication using Java 1.8.0_141 on DESKTOP-E76FNBI with PID 18076 (E:\studyspace\IDEA workspace\welog\target\classes started by 14989 in E:\studyspace\IDEA workspace\welog)
2021-03-31 13:15:12.116 DEBUG 18076 --- [restartedMain] com.soreak.WelogApplication              : Running with Spring Boot v2.4.1, Spring v5.3.2
2021-03-31 13:15:12.117  INFO 18076 --- [restartedMain] com.soreak.WelogApplication              : No active profile set, falling back to default profiles: default
2021-03-31 13:15:12.196  INFO 18076 --- [restartedMain] o.s.b.devtools.restart.ChangeableUrls    : The Class-Path manifest attribute in C:\Users\14989\.m2\repository\com\sun\xml\bind\jaxb-impl\2.1\jaxb-impl-2.1.jar referenced one or more files that do not exist: file:/C:/Users/14989/.m2/repository/com/sun/xml/bind/jaxb-impl/2.1/jaxb-api.jar,file:/C:/Users/14989/.m2/repository/com/sun/xml/bind/jaxb-impl/2.1/activation.jar,file:/C:/Users/14989/.m2/repository/com/sun/xml/bind/jaxb-impl/2.1/jsr173_1.0_api.jar,file:/C:/Users/14989/.m2/repository/com/sun/xml/bind/jaxb-impl/2.1/jaxb1-impl.jar
2021-03-31 13:15:12.197  INFO 18076 --- [restartedMain] .e.DevToolsPropertyDefaultsPostProcessor : Devtools property defaults active! Set 'spring.devtools.add-properties' to 'false' to disable
2021-03-31 13:15:12.198  INFO 18076 --- [restartedMain] .e.DevToolsPropertyDefaultsPostProcessor : For additional web related logging consider setting the 'logging.level.web' property to 'DEBUG'
2021-03-31 13:15:15.525  INFO 18076 --- [restartedMain] o.s.b.w.embedded.tomcat.TomcatWebServer  : Tomcat initialized with port(s): 8080 (http)
2021-03-31 13:15:15.535  INFO 18076 --- [restartedMain] o.apache.catalina.core.StandardService   : Starting service [Tomcat]
2021-03-31 13:15:15.535  INFO 18076 --- [restartedMain] org.apache.catalina.core.StandardEngine  : Starting Servlet engine: [Apache Tomcat/9.0.41]
2021-03-31 13:15:15.638  INFO 18076 --- [restartedMain] o.a.c.c.C.[Tomcat].[localhost].[/]       : Initializing Spring embedded WebApplicationContext
2021-03-31 13:15:15.638  INFO 18076 --- [restartedMain] w.s.c.ServletWebServerApplicationContext : Root WebApplicationContext: initialization completed in 3439 ms
2021-03-31 13:15:16.182  WARN 18076 --- [restartedMain] c.b.m.core.injector.AbstractMethod       : [com.soreak.dao.BlogCommentVODao.selectById] Has been loaded by XML or SqlProvider or Mybatis's Annotation, so ignoring this injection for [class com.baomidou.mybatisplus.core.injector.methods.SelectById]
2021-03-31 13:15:16.500  WARN 18076 --- [restartedMain] c.b.m.core.injector.AbstractMethod       : [com.soreak.dao.NewsCommentVODao.selectById] Has been loaded by XML or SqlProvider or Mybatis's Annotation, so ignoring this injection for [class com.baomidou.mybatisplus.core.injector.methods.SelectById]
2021-03-31 13:15:16.684  WARN 18076 --- [restartedMain] c.b.m.core.injector.AbstractMethod       : [com.soreak.dao.TopicCommentVODao.selectById] Has been loaded by XML or SqlProvider or Mybatis's Annotation, so ignoring this injection for [class com.baomidou.mybatisplus.core.injector.methods.SelectById]
2021-03-31 13:15:16.870  INFO 18076 --- [restartedMain] o.s.s.web.DefaultSecurityFilterChain     : Will secure any request with [org.springframework.security.web.context.request.async.WebAsyncManagerIntegrationFilter@6fcf531f, org.springframework.security.web.context.SecurityContextPersistenceFilter@31ee6daf, org.springframework.security.web.header.HeaderWriterFilter@55f2184e, org.springframework.security.web.authentication.logout.LogoutFilter@768d4bff, org.springframework.security.web.authentication.UsernamePasswordAuthenticationFilter@2e1a907e, org.springframework.security.web.session.ConcurrentSessionFilter@715cc873, org.springframework.security.web.savedrequest.RequestCacheAwareFilter@64d136b4, org.springframework.security.web.servletapi.SecurityContextHolderAwareRequestFilter@63a388bd, org.springframework.security.web.authentication.AnonymousAuthenticationFilter@76f129c4, org.springframework.security.web.session.SessionManagementFilter@783143dc, org.springframework.security.web.access.ExceptionTranslationFilter@3ea0832b, org.springframework.security.web.access.intercept.FilterSecurityInterceptor@6b0dae74]
2021-03-31 13:15:16.976  INFO 18076 --- [restartedMain] o.s.s.concurrent.ThreadPoolTaskExecutor  : Initializing ExecutorService 'applicationTaskExecutor'
2021-03-31 13:15:17.064  INFO 18076 --- [restartedMain] o.s.b.a.w.s.WelcomePageHandlerMapping    : Adding welcome page template: index
2021-03-31 13:15:18.328  INFO 18076 --- [restartedMain] o.s.b.d.a.OptionalLiveReloadServer       : LiveReload server is running on port 35729
2021-03-31 13:15:18.401  INFO 18076 --- [restartedMain] o.s.b.w.embedded.tomcat.TomcatWebServer  : Tomcat started on port(s): 8080 (http) with context path ''
2021-03-31 13:15:18.412  INFO 18076 --- [restartedMain] com.soreak.WelogApplication              : Started WelogApplication in 7.103 seconds (JVM running for 9.531)
2021-03-31 13:15:24.422  INFO 18076 --- [http-nio-8080-exec-1] o.a.c.c.C.[Tomcat].[localhost].[/]       : Initializing Spring DispatcherServlet 'dispatcherServlet'
2021-03-31 13:15:24.423  INFO 18076 --- [http-nio-8080-exec-1] o.s.web.servlet.DispatcherServlet        : Initializing Servlet 'dispatcherServlet'
2021-03-31 13:15:24.424  INFO 18076 --- [http-nio-8080-exec-1] o.s.web.servlet.DispatcherServlet        : Completed initialization in 1 ms
2021-03-31 13:15:24.466  INFO 18076 --- [http-nio-8080-exec-1] com.zaxxer.hikari.HikariDataSource       : HikariPool-1 - Starting...
2021-03-31 13:15:26.093  INFO 18076 --- [http-nio-8080-exec-1] com.zaxxer.hikari.HikariDataSource       : HikariPool-1 - Start completed.
2021-03-31 13:15:26.124 DEBUG 18076 --- [http-nio-8080-exec-1] c.soreak.dao.TagDao.getTagNameAndCount   : ==>  Preparing: select t.id,t.name,COUNT(*) as 'count' FROM sk_tag t,sk_blog b,sk_blog_tag bt where t.id = bt.tag_id and b.id = bt.blog_id GROUP BY t.`Name` ORDER BY COUNT(*) desc LIMIT 8
2021-03-31 13:15:26.147 DEBUG 18076 --- [http-nio-8080-exec-1] c.soreak.dao.TagDao.getTagNameAndCount   : ==> Parameters: 
2021-03-31 13:15:26.170 DEBUG 18076 --- [http-nio-8080-exec-1] c.soreak.dao.TagDao.getTagNameAndCount   : <==      Total: 4
2021-03-31 13:15:26.177 DEBUG 18076 --- [http-nio-8080-exec-1] com.soreak.dao.BlogDao.getBlogList       : ==>  Preparing: SELECT b.*,u.nickname as 'userName',u.avatar as 'userAvatar' FROM sk_blog b,sk_user u WHERE b.user_id = u.id and b.published = 1 ORDER BY b.update_time DESC
2021-03-31 13:15:26.177 DEBUG 18076 --- [http-nio-8080-exec-1] com.soreak.dao.BlogDao.getBlogList       : ==> Parameters: 
2021-03-31 13:15:26.190 DEBUG 18076 --- [http-nio-8080-exec-1] com.soreak.dao.BlogDao.getBlogList       : <==      Total: 7
2021-03-31 13:15:26.337 DEBUG 18076 --- [http-nio-8080-exec-1] com.soreak.dao.BlogLikeDao.selectCount   : ==>  Preparing: SELECT COUNT( 1 ) FROM sk_blog_like WHERE (blog_id = ?)
2021-03-31 13:15:26.338 DEBUG 18076 --- [http-nio-8080-exec-1] com.soreak.dao.BlogLikeDao.selectCount   : ==> Parameters: 1(Long)
2021-03-31 13:15:26.341 DEBUG 18076 --- [http-nio-8080-exec-1] com.soreak.dao.BlogLikeDao.selectCount   : <==      Total: 1
2021-03-31 13:15:26.366 DEBUG 18076 --- [http-nio-8080-exec-1] com.soreak.dao.BlogLikeDao.selectCount   : ==>  Preparing: SELECT COUNT( 1 ) FROM sk_blog_like WHERE (blog_id = ?)
2021-03-31 13:15:26.367 DEBUG 18076 --- [http-nio-8080-exec-1] com.soreak.dao.BlogLikeDao.selectCount   : ==> Parameters: 5(Long)
2021-03-31 13:15:26.368 DEBUG 18076 --- [http-nio-8080-exec-1] com.soreak.dao.BlogLikeDao.selectCount   : <==      Total: 1
2021-03-31 13:15:26.378 DEBUG 18076 --- [http-nio-8080-exec-1] com.soreak.dao.BlogLikeDao.selectCount   : ==>  Preparing: SELECT COUNT( 1 ) FROM sk_blog_like WHERE (blog_id = ?)
2021-03-31 13:15:26.379 DEBUG 18076 --- [http-nio-8080-exec-1] com.soreak.dao.BlogLikeDao.selectCount   : ==> Parameters: 4(Long)
2021-03-31 13:15:26.379 DEBUG 18076 --- [http-nio-8080-exec-1] com.soreak.dao.BlogLikeDao.selectCount   : <==      Total: 1
2021-03-31 13:15:26.382 DEBUG 18076 --- [http-nio-8080-exec-1] com.soreak.dao.BlogLikeDao.selectCount   : ==>  Preparing: SELECT COUNT( 1 ) FROM sk_blog_like WHERE (blog_id = ?)
2021-03-31 13:15:26.383 DEBUG 18076 --- [http-nio-8080-exec-1] com.soreak.dao.BlogLikeDao.selectCount   : ==> Parameters: 3(Long)
2021-03-31 13:15:26.384 DEBUG 18076 --- [http-nio-8080-exec-1] com.soreak.dao.BlogLikeDao.selectCount   : <==      Total: 1
2021-03-31 13:15:26.398 DEBUG 18076 --- [http-nio-8080-exec-1] com.soreak.dao.BlogLikeDao.selectCount   : ==>  Preparing: SELECT COUNT( 1 ) FROM sk_blog_like WHERE (blog_id = ?)
2021-03-31 13:15:26.398 DEBUG 18076 --- [http-nio-8080-exec-1] com.soreak.dao.BlogLikeDao.selectCount   : ==> Parameters: 2(Long)
2021-03-31 13:15:26.399 DEBUG 18076 --- [http-nio-8080-exec-1] com.soreak.dao.BlogLikeDao.selectCount   : <==      Total: 1
2021-03-31 13:15:26.409 DEBUG 18076 --- [http-nio-8080-exec-1] com.soreak.dao.BlogLikeDao.selectCount   : ==>  Preparing: SELECT COUNT( 1 ) FROM sk_blog_like WHERE (blog_id = ?)
2021-03-31 13:15:26.409 DEBUG 18076 --- [http-nio-8080-exec-1] com.soreak.dao.BlogLikeDao.selectCount   : ==> Parameters: 6(Long)
2021-03-31 13:15:26.410 DEBUG 18076 --- [http-nio-8080-exec-1] com.soreak.dao.BlogLikeDao.selectCount   : <==      Total: 1
2021-03-31 13:15:26.422 DEBUG 18076 --- [http-nio-8080-exec-1] com.soreak.dao.BlogLikeDao.selectCount   : ==>  Preparing: SELECT COUNT( 1 ) FROM sk_blog_like WHERE (blog_id = ?)
2021-03-31 13:15:26.423 DEBUG 18076 --- [http-nio-8080-exec-1] com.soreak.dao.BlogLikeDao.selectCount   : ==> Parameters: 7(Long)
2021-03-31 13:15:26.424 DEBUG 18076 --- [http-nio-8080-exec-1] com.soreak.dao.BlogLikeDao.selectCount   : <==      Total: 1
2021-03-31 13:15:26.425 DEBUG 18076 --- [http-nio-8080-exec-1] com.soreak.dao.BlogDao.selectList        : ==>  Preparing: SELECT id,flag,create_time,recommend,update_time,published,commentabled,title,user_id,views,content FROM sk_blog ORDER BY views DESC limit 5
2021-03-31 13:15:26.425 DEBUG 18076 --- [http-nio-8080-exec-1] com.soreak.dao.BlogDao.selectList        : ==> Parameters: 
2021-03-31 13:15:26.429 DEBUG 18076 --- [http-nio-8080-exec-1] com.soreak.dao.BlogDao.selectList        : <==      Total: 5
2021-03-31 13:15:56.987 DEBUG 18076 --- [http-nio-8080-exec-3] com.soreak.dao.UserDao.selectOne         : ==>  Preparing: SELECT id,qq,password,git,role,create_time,phone,wechat,nickname,update_time,information,avatar,email FROM sk_user WHERE (phone = ?)
2021-03-31 13:15:56.988 DEBUG 18076 --- [http-nio-8080-exec-3] com.soreak.dao.UserDao.selectOne         : ==> Parameters: anonymousUser(String)
2021-03-31 13:15:56.989 DEBUG 18076 --- [http-nio-8080-exec-3] com.soreak.dao.UserDao.selectOne         : <==      Total: 0
2021-03-31 13:15:56.990 DEBUG 18076 --- [http-nio-8080-exec-3] com.soreak.dao.BlogDao.getOneBlogById    : ==>  Preparing: SELECT b.*,u.nickname as 'userName',u.avatar as 'userAvatar' FROM sk_blog b,sk_user u WHERE b.user_id = u.id and b.id=?
2021-03-31 13:15:56.990 DEBUG 18076 --- [http-nio-8080-exec-3] com.soreak.dao.BlogDao.getOneBlogById    : ==> Parameters: 1(Long)
2021-03-31 13:15:56.992 DEBUG 18076 --- [http-nio-8080-exec-3] com.soreak.dao.BlogDao.getOneBlogById    : <==      Total: 1
2021-03-31 13:15:57.007 DEBUG 18076 --- [http-nio-8080-exec-3] com.soreak.dao.TagDao.getTagByBlogId     : ==>  Preparing: select t.`id`,t.`Name` FROM sk_tag t,sk_blog_tag bt WHERE t.id = bt.tag_id and bt.blog_id=?
2021-03-31 13:15:57.008 DEBUG 18076 --- [http-nio-8080-exec-3] com.soreak.dao.TagDao.getTagByBlogId     : ==> Parameters: 1(Long)
2021-03-31 13:15:57.009 DEBUG 18076 --- [http-nio-8080-exec-3] com.soreak.dao.TagDao.getTagByBlogId     : <==      Total: 3
2021-03-31 13:15:57.010 DEBUG 18076 --- [http-nio-8080-exec-3] com.soreak.dao.BlogDao.updateViews       : ==>  Preparing: update sk_blog b set b.views = b.views+1 where b.id=?
2021-03-31 13:15:57.010 DEBUG 18076 --- [http-nio-8080-exec-3] com.soreak.dao.BlogDao.updateViews       : ==> Parameters: 1(Long)
2021-03-31 13:15:57.016 DEBUG 18076 --- [http-nio-8080-exec-3] com.soreak.dao.BlogDao.updateViews       : <==    Updates: 1
2021-03-31 13:15:57.698 DEBUG 18076 --- [http-nio-8080-exec-8] tBlogCommentByBlogIdAndParentCommentNull : ==>  Preparing: select bc.*,u.nickname as 'nickname' FROM sk_blog_comment bc, sk_user u WHERE bc.user_id = u.id and bc.blog_id=? and bc.parent_comment_id is NULL ORDER BY create_time asc
2021-03-31 13:15:57.698 DEBUG 18076 --- [http-nio-8080-exec-8] tBlogCommentByBlogIdAndParentCommentNull : ==> Parameters: 1(Long)
2021-03-31 13:15:57.704 DEBUG 18076 --- [http-nio-8080-exec-8] tBlogCommentByBlogIdAndParentCommentNull : <==      Total: 3
2021-03-31 13:15:57.706 DEBUG 18076 --- [http-nio-8080-exec-8] c.s.d.B.getChildCommentByParentId        : ==>  Preparing: select bc.*,u.nickname as 'nickname' FROM sk_blog_comment bc, sk_user u WHERE bc.user_id = u.id and parent_comment_id=? ORDER BY create_time asc
2021-03-31 13:15:57.707 DEBUG 18076 --- [http-nio-8080-exec-8] c.s.d.B.getChildCommentByParentId        : ==> Parameters: 1(Long)
2021-03-31 13:15:57.710 DEBUG 18076 --- [http-nio-8080-exec-8] c.s.d.B.getChildCommentByParentId        : <==      Total: 1
2021-03-31 13:15:57.712 DEBUG 18076 --- [http-nio-8080-exec-8] c.s.dao.BlogCommentVODao.selectById      : ==>  Preparing: select bc.*,u.nickname as 'nickname' FROM sk_blog_comment bc, sk_user u WHERE bc.user_id = u.id and bc.id = ?
2021-03-31 13:15:57.713 DEBUG 18076 --- [http-nio-8080-exec-8] c.s.dao.BlogCommentVODao.selectById      : ==> Parameters: 1(Long)
2021-03-31 13:15:57.715 DEBUG 18076 --- [http-nio-8080-exec-8] c.s.dao.BlogCommentVODao.selectById      : <==      Total: 1
2021-03-31 13:15:57.717 DEBUG 18076 --- [http-nio-8080-exec-8] c.s.d.B.getChildCommentByParentId        : ==>  Preparing: select bc.*,u.nickname as 'nickname' FROM sk_blog_comment bc, sk_user u WHERE bc.user_id = u.id and parent_comment_id=? ORDER BY create_time asc
2021-03-31 13:15:57.717 DEBUG 18076 --- [http-nio-8080-exec-8] c.s.d.B.getChildCommentByParentId        : ==> Parameters: 2(Long)
2021-03-31 13:15:57.719 DEBUG 18076 --- [http-nio-8080-exec-8] c.s.d.B.getChildCommentByParentId        : <==      Total: 1
2021-03-31 13:15:57.720 DEBUG 18076 --- [http-nio-8080-exec-8] c.s.dao.BlogCommentVODao.selectById      : ==>  Preparing: select bc.*,u.nickname as 'nickname' FROM sk_blog_comment bc, sk_user u WHERE bc.user_id = u.id and bc.id = ?
2021-03-31 13:15:57.721 DEBUG 18076 --- [http-nio-8080-exec-8] c.s.dao.BlogCommentVODao.selectById      : ==> Parameters: 2(Long)
2021-03-31 13:15:57.722 DEBUG 18076 --- [http-nio-8080-exec-8] c.s.dao.BlogCommentVODao.selectById      : <==      Total: 1
2021-03-31 13:15:57.723 DEBUG 18076 --- [http-nio-8080-exec-8] c.s.d.B.getChildCommentByParentId        : ==>  Preparing: select bc.*,u.nickname as 'nickname' FROM sk_blog_comment bc, sk_user u WHERE bc.user_id = u.id and parent_comment_id=? ORDER BY create_time asc
2021-03-31 13:15:57.724 DEBUG 18076 --- [http-nio-8080-exec-8] c.s.d.B.getChildCommentByParentId        : ==> Parameters: 17(Long)
2021-03-31 13:15:57.726 DEBUG 18076 --- [http-nio-8080-exec-8] c.s.d.B.getChildCommentByParentId        : <==      Total: 1
2021-03-31 13:15:57.727 DEBUG 18076 --- [http-nio-8080-exec-8] c.s.d.B.getChildCommentByParentId        : ==>  Preparing: select bc.*,u.nickname as 'nickname' FROM sk_blog_comment bc, sk_user u WHERE bc.user_id = u.id and parent_comment_id=? ORDER BY create_time asc
2021-03-31 13:15:57.727 DEBUG 18076 --- [http-nio-8080-exec-8] c.s.d.B.getChildCommentByParentId        : ==> Parameters: 17(Long)
2021-03-31 13:15:57.728 DEBUG 18076 --- [http-nio-8080-exec-8] c.s.d.B.getChildCommentByParentId        : <==      Total: 1
2021-03-31 13:15:57.730 DEBUG 18076 --- [http-nio-8080-exec-8] c.s.dao.BlogCommentVODao.selectById      : ==>  Preparing: select bc.*,u.nickname as 'nickname' FROM sk_blog_comment bc, sk_user u WHERE bc.user_id = u.id and bc.id = ?
2021-03-31 13:15:57.731 DEBUG 18076 --- [http-nio-8080-exec-8] c.s.dao.BlogCommentVODao.selectById      : ==> Parameters: 17(Long)
2021-03-31 13:15:57.733 DEBUG 18076 --- [http-nio-8080-exec-8] c.s.dao.BlogCommentVODao.selectById      : <==      Total: 1
2021-03-31 13:15:57.734 DEBUG 18076 --- [http-nio-8080-exec-8] c.s.d.B.getChildCommentByParentId        : ==>  Preparing: select bc.*,u.nickname as 'nickname' FROM sk_blog_comment bc, sk_user u WHERE bc.user_id = u.id and parent_comment_id=? ORDER BY create_time asc
2021-03-31 13:15:57.734 DEBUG 18076 --- [http-nio-8080-exec-8] c.s.d.B.getChildCommentByParentId        : ==> Parameters: 18(Long)
2021-03-31 13:15:57.735 DEBUG 18076 --- [http-nio-8080-exec-8] c.s.d.B.getChildCommentByParentId        : <==      Total: 0
2021-03-31 13:15:57.736 DEBUG 18076 --- [http-nio-8080-exec-8] c.s.d.B.getChildCommentByParentId        : ==>  Preparing: select bc.*,u.nickname as 'nickname' FROM sk_blog_comment bc, sk_user u WHERE bc.user_id = u.id and parent_comment_id=? ORDER BY create_time asc
2021-03-31 13:15:57.737 DEBUG 18076 --- [http-nio-8080-exec-8] c.s.d.B.getChildCommentByParentId        : ==> Parameters: 3(Long)
2021-03-31 13:15:57.738 DEBUG 18076 --- [http-nio-8080-exec-8] c.s.d.B.getChildCommentByParentId        : <==      Total: 1
2021-03-31 13:15:57.739 DEBUG 18076 --- [http-nio-8080-exec-8] c.s.dao.BlogCommentVODao.selectById      : ==>  Preparing: select bc.*,u.nickname as 'nickname' FROM sk_blog_comment bc, sk_user u WHERE bc.user_id = u.id and bc.id = ?
2021-03-31 13:15:57.740 DEBUG 18076 --- [http-nio-8080-exec-8] c.s.dao.BlogCommentVODao.selectById      : ==> Parameters: 3(Long)
2021-03-31 13:15:57.741 DEBUG 18076 --- [http-nio-8080-exec-8] c.s.dao.BlogCommentVODao.selectById      : <==      Total: 1
2021-03-31 13:15:57.742 DEBUG 18076 --- [http-nio-8080-exec-8] c.s.d.B.getChildCommentByParentId        : ==>  Preparing: select bc.*,u.nickname as 'nickname' FROM sk_blog_comment bc, sk_user u WHERE bc.user_id = u.id and parent_comment_id=? ORDER BY create_time asc
2021-03-31 13:15:57.742 DEBUG 18076 --- [http-nio-8080-exec-8] c.s.d.B.getChildCommentByParentId        : ==> Parameters: 5(Long)
2021-03-31 13:15:57.743 DEBUG 18076 --- [http-nio-8080-exec-8] c.s.d.B.getChildCommentByParentId        : <==      Total: 0
2021-03-31 13:15:57.744 DEBUG 18076 --- [http-nio-8080-exec-8] c.s.d.B.getChildCommentByParentId        : ==>  Preparing: select bc.*,u.nickname as 'nickname' FROM sk_blog_comment bc, sk_user u WHERE bc.user_id = u.id and parent_comment_id=? ORDER BY create_time asc
2021-03-31 13:15:57.744 DEBUG 18076 --- [http-nio-8080-exec-8] c.s.d.B.getChildCommentByParentId        : ==> Parameters: 4(Long)
2021-03-31 13:15:57.745 DEBUG 18076 --- [http-nio-8080-exec-8] c.s.d.B.getChildCommentByParentId        : <==      Total: 0
2021-03-31 13:15:57.746 DEBUG 18076 --- [http-nio-8080-exec-8] com.soreak.dao.BlogDao.getOneBlogById    : ==>  Preparing: SELECT b.*,u.nickname as 'userName',u.avatar as 'userAvatar' FROM sk_blog b,sk_user u WHERE b.user_id = u.id and b.id=?
2021-03-31 13:15:57.747 DEBUG 18076 --- [http-nio-8080-exec-8] com.soreak.dao.BlogDao.getOneBlogById    : ==> Parameters: 1(Long)
2021-03-31 13:15:57.749 DEBUG 18076 --- [http-nio-8080-exec-8] com.soreak.dao.BlogDao.getOneBlogById    : <==      Total: 1
2021-03-31 13:15:57.749 DEBUG 18076 --- [http-nio-8080-exec-8] com.soreak.dao.TagDao.getTagByBlogId     : ==>  Preparing: select t.`id`,t.`Name` FROM sk_tag t,sk_blog_tag bt WHERE t.id = bt.tag_id and bt.blog_id=?
2021-03-31 13:15:57.750 DEBUG 18076 --- [http-nio-8080-exec-8] com.soreak.dao.TagDao.getTagByBlogId     : ==> Parameters: 1(Long)
2021-03-31 13:15:57.751 DEBUG 18076 --- [http-nio-8080-exec-8] com.soreak.dao.TagDao.getTagByBlogId     : <==      Total: 3
2021-03-31 13:16:04.730 DEBUG 18076 --- [http-nio-8080-exec-4] com.soreak.dao.UserDao.selectOne         : ==>  Preparing: SELECT id,qq,password,git,role,create_time,phone,wechat,nickname,update_time,information,avatar,email FROM sk_user WHERE (phone = ?)
2021-03-31 13:16:04.730 DEBUG 18076 --- [http-nio-8080-exec-4] com.soreak.dao.UserDao.selectOne         : ==> Parameters: anonymousUser(String)
2021-03-31 13:16:04.731 DEBUG 18076 --- [http-nio-8080-exec-4] com.soreak.dao.UserDao.selectOne         : <==      Total: 0
2021-03-31 13:16:04.732 DEBUG 18076 --- [http-nio-8080-exec-4] com.soreak.dao.BlogDao.getOneBlogById    : ==>  Preparing: SELECT b.*,u.nickname as 'userName',u.avatar as 'userAvatar' FROM sk_blog b,sk_user u WHERE b.user_id = u.id and b.id=?
2021-03-31 13:16:04.732 DEBUG 18076 --- [http-nio-8080-exec-4] com.soreak.dao.BlogDao.getOneBlogById    : ==> Parameters: 5(Long)
2021-03-31 13:16:04.734 DEBUG 18076 --- [http-nio-8080-exec-4] com.soreak.dao.BlogDao.getOneBlogById    : <==      Total: 1
2021-03-31 13:16:04.741 DEBUG 18076 --- [http-nio-8080-exec-4] com.soreak.dao.TagDao.getTagByBlogId     : ==>  Preparing: select t.`id`,t.`Name` FROM sk_tag t,sk_blog_tag bt WHERE t.id = bt.tag_id and bt.blog_id=?
2021-03-31 13:16:04.741 DEBUG 18076 --- [http-nio-8080-exec-4] com.soreak.dao.TagDao.getTagByBlogId     : ==> Parameters: 5(Long)
2021-03-31 13:16:04.742 DEBUG 18076 --- [http-nio-8080-exec-4] com.soreak.dao.TagDao.getTagByBlogId     : <==      Total: 2
2021-03-31 13:16:04.743 DEBUG 18076 --- [http-nio-8080-exec-4] com.soreak.dao.BlogDao.updateViews       : ==>  Preparing: update sk_blog b set b.views = b.views+1 where b.id=?
2021-03-31 13:16:04.743 DEBUG 18076 --- [http-nio-8080-exec-4] com.soreak.dao.BlogDao.updateViews       : ==> Parameters: 5(Long)
2021-03-31 13:16:04.747 DEBUG 18076 --- [http-nio-8080-exec-4] com.soreak.dao.BlogDao.updateViews       : <==    Updates: 1
2021-03-31 13:16:05.393 DEBUG 18076 --- [http-nio-8080-exec-3] tBlogCommentByBlogIdAndParentCommentNull : ==>  Preparing: select bc.*,u.nickname as 'nickname' FROM sk_blog_comment bc, sk_user u WHERE bc.user_id = u.id and bc.blog_id=? and bc.parent_comment_id is NULL ORDER BY create_time asc
2021-03-31 13:16:05.394 DEBUG 18076 --- [http-nio-8080-exec-3] tBlogCommentByBlogIdAndParentCommentNull : ==> Parameters: 5(Long)
2021-03-31 13:16:05.395 DEBUG 18076 --- [http-nio-8080-exec-3] tBlogCommentByBlogIdAndParentCommentNull : <==      Total: 0
2021-03-31 13:16:05.396 DEBUG 18076 --- [http-nio-8080-exec-3] com.soreak.dao.BlogDao.getOneBlogById    : ==>  Preparing: SELECT b.*,u.nickname as 'userName',u.avatar as 'userAvatar' FROM sk_blog b,sk_user u WHERE b.user_id = u.id and b.id=?
2021-03-31 13:16:05.396 DEBUG 18076 --- [http-nio-8080-exec-3] com.soreak.dao.BlogDao.getOneBlogById    : ==> Parameters: 5(Long)
2021-03-31 13:16:05.399 DEBUG 18076 --- [http-nio-8080-exec-3] com.soreak.dao.BlogDao.getOneBlogById    : <==      Total: 1
2021-03-31 13:16:05.399 DEBUG 18076 --- [http-nio-8080-exec-3] com.soreak.dao.TagDao.getTagByBlogId     : ==>  Preparing: select t.`id`,t.`Name` FROM sk_tag t,sk_blog_tag bt WHERE t.id = bt.tag_id and bt.blog_id=?
2021-03-31 13:16:05.400 DEBUG 18076 --- [http-nio-8080-exec-3] com.soreak.dao.TagDao.getTagByBlogId     : ==> Parameters: 5(Long)
2021-03-31 13:16:05.401 DEBUG 18076 --- [http-nio-8080-exec-3] com.soreak.dao.TagDao.getTagByBlogId     : <==      Total: 2
2021-03-31 13:16:47.793 DEBUG 18076 --- [http-nio-8080-exec-5] c.s.dao.UserDao.getUserInfoByUsername    : ==>  Preparing: select * from sk_user where phone = ?
2021-03-31 13:16:47.793 DEBUG 18076 --- [http-nio-8080-exec-5] c.s.dao.UserDao.getUserInfoByUsername    : ==> Parameters: 17689400639(String)
2021-03-31 13:16:47.794 DEBUG 18076 --- [http-nio-8080-exec-5] c.s.dao.UserDao.getUserInfoByUsername    : <==      Total: 1
2021-03-31 13:16:47.906 DEBUG 18076 --- [http-nio-8080-exec-8] com.soreak.dao.UserDao.selectOne         : ==>  Preparing: SELECT id,qq,password,git,role,create_time,phone,wechat,nickname,update_time,information,avatar,email FROM sk_user WHERE (phone = ?)
2021-03-31 13:16:47.906 DEBUG 18076 --- [http-nio-8080-exec-8] com.soreak.dao.UserDao.selectOne         : ==> Parameters: 17689400639(String)
2021-03-31 13:16:47.907 DEBUG 18076 --- [http-nio-8080-exec-8] com.soreak.dao.UserDao.selectOne         : <==      Total: 1
2021-03-31 13:16:47.911 DEBUG 18076 --- [http-nio-8080-exec-8] com.soreak.dao.UserDao.updateById        : ==>  Preparing: UPDATE sk_user SET update_time=? WHERE id=?
2021-03-31 13:16:47.912 DEBUG 18076 --- [http-nio-8080-exec-8] com.soreak.dao.UserDao.updateById        : ==> Parameters: 2021-03-31 13:16:47.908(Timestamp), 1(Long)
2021-03-31 13:16:47.921 DEBUG 18076 --- [http-nio-8080-exec-8] com.soreak.dao.UserDao.updateById        : <==    Updates: 1
2021-03-31 13:16:47.922 DEBUG 18076 --- [http-nio-8080-exec-8] c.soreak.dao.TagDao.getTagNameAndCount   : ==>  Preparing: select t.id,t.name,COUNT(*) as 'count' FROM sk_tag t,sk_blog b,sk_blog_tag bt where t.id = bt.tag_id and b.id = bt.blog_id GROUP BY t.`Name` ORDER BY COUNT(*) desc LIMIT 8
2021-03-31 13:16:47.922 DEBUG 18076 --- [http-nio-8080-exec-8] c.soreak.dao.TagDao.getTagNameAndCount   : ==> Parameters: 
2021-03-31 13:16:47.924 DEBUG 18076 --- [http-nio-8080-exec-8] c.soreak.dao.TagDao.getTagNameAndCount   : <==      Total: 4
2021-03-31 13:16:47.925 DEBUG 18076 --- [http-nio-8080-exec-8] com.soreak.dao.BlogDao.getBlogList       : ==>  Preparing: SELECT b.*,u.nickname as 'userName',u.avatar as 'userAvatar' FROM sk_blog b,sk_user u WHERE b.user_id = u.id and b.published = 1 ORDER BY b.update_time DESC
2021-03-31 13:16:47.926 DEBUG 18076 --- [http-nio-8080-exec-8] com.soreak.dao.BlogDao.getBlogList       : ==> Parameters: 
2021-03-31 13:16:47.931 DEBUG 18076 --- [http-nio-8080-exec-8] com.soreak.dao.BlogDao.getBlogList       : <==      Total: 7
2021-03-31 13:16:47.935 DEBUG 18076 --- [http-nio-8080-exec-8] com.soreak.dao.BlogLikeDao.selectCount   : ==>  Preparing: SELECT COUNT( 1 ) FROM sk_blog_like WHERE (blog_id = ?)
2021-03-31 13:16:47.935 DEBUG 18076 --- [http-nio-8080-exec-8] com.soreak.dao.BlogLikeDao.selectCount   : ==> Parameters: 1(Long)
2021-03-31 13:16:47.936 DEBUG 18076 --- [http-nio-8080-exec-8] com.soreak.dao.BlogLikeDao.selectCount   : <==      Total: 1
2021-03-31 13:16:47.942 DEBUG 18076 --- [http-nio-8080-exec-8] com.soreak.dao.BlogLikeDao.selectCount   : ==>  Preparing: SELECT COUNT( 1 ) FROM sk_blog_like WHERE (blog_id = ?)
2021-03-31 13:16:47.943 DEBUG 18076 --- [http-nio-8080-exec-8] com.soreak.dao.BlogLikeDao.selectCount   : ==> Parameters: 5(Long)
2021-03-31 13:16:47.943 DEBUG 18076 --- [http-nio-8080-exec-8] com.soreak.dao.BlogLikeDao.selectCount   : <==      Total: 1
2021-03-31 13:16:47.948 DEBUG 18076 --- [http-nio-8080-exec-8] com.soreak.dao.BlogLikeDao.selectCount   : ==>  Preparing: SELECT COUNT( 1 ) FROM sk_blog_like WHERE (blog_id = ?)
2021-03-31 13:16:47.948 DEBUG 18076 --- [http-nio-8080-exec-8] com.soreak.dao.BlogLikeDao.selectCount   : ==> Parameters: 4(Long)
2021-03-31 13:16:47.949 DEBUG 18076 --- [http-nio-8080-exec-8] com.soreak.dao.BlogLikeDao.selectCount   : <==      Total: 1
2021-03-31 13:16:47.951 DEBUG 18076 --- [http-nio-8080-exec-8] com.soreak.dao.BlogLikeDao.selectCount   : ==>  Preparing: SELECT COUNT( 1 ) FROM sk_blog_like WHERE (blog_id = ?)
2021-03-31 13:16:47.952 DEBUG 18076 --- [http-nio-8080-exec-8] com.soreak.dao.BlogLikeDao.selectCount   : ==> Parameters: 3(Long)
2021-03-31 13:16:47.953 DEBUG 18076 --- [http-nio-8080-exec-8] com.soreak.dao.BlogLikeDao.selectCount   : <==      Total: 1
2021-03-31 13:16:47.957 DEBUG 18076 --- [http-nio-8080-exec-8] com.soreak.dao.BlogLikeDao.selectCount   : ==>  Preparing: SELECT COUNT( 1 ) FROM sk_blog_like WHERE (blog_id = ?)
2021-03-31 13:16:47.958 DEBUG 18076 --- [http-nio-8080-exec-8] com.soreak.dao.BlogLikeDao.selectCount   : ==> Parameters: 2(Long)
2021-03-31 13:16:47.958 DEBUG 18076 --- [http-nio-8080-exec-8] com.soreak.dao.BlogLikeDao.selectCount   : <==      Total: 1
2021-03-31 13:16:47.963 DEBUG 18076 --- [http-nio-8080-exec-8] com.soreak.dao.BlogLikeDao.selectCount   : ==>  Preparing: SELECT COUNT( 1 ) FROM sk_blog_like WHERE (blog_id = ?)
2021-03-31 13:16:47.963 DEBUG 18076 --- [http-nio-8080-exec-8] com.soreak.dao.BlogLikeDao.selectCount   : ==> Parameters: 6(Long)
2021-03-31 13:16:47.964 DEBUG 18076 --- [http-nio-8080-exec-8] com.soreak.dao.BlogLikeDao.selectCount   : <==      Total: 1
2021-03-31 13:16:47.970 DEBUG 18076 --- [http-nio-8080-exec-8] com.soreak.dao.BlogLikeDao.selectCount   : ==>  Preparing: SELECT COUNT( 1 ) FROM sk_blog_like WHERE (blog_id = ?)
2021-03-31 13:16:47.970 DEBUG 18076 --- [http-nio-8080-exec-8] com.soreak.dao.BlogLikeDao.selectCount   : ==> Parameters: 7(Long)
2021-03-31 13:16:47.971 DEBUG 18076 --- [http-nio-8080-exec-8] com.soreak.dao.BlogLikeDao.selectCount   : <==      Total: 1
2021-03-31 13:16:47.972 DEBUG 18076 --- [http-nio-8080-exec-8] com.soreak.dao.BlogDao.selectList        : ==>  Preparing: SELECT id,flag,create_time,recommend,update_time,published,commentabled,title,user_id,views,content FROM sk_blog ORDER BY views DESC limit 5
2021-03-31 13:16:47.972 DEBUG 18076 --- [http-nio-8080-exec-8] com.soreak.dao.BlogDao.selectList        : ==> Parameters: 
2021-03-31 13:16:47.975 DEBUG 18076 --- [http-nio-8080-exec-8] com.soreak.dao.BlogDao.selectList        : <==      Total: 5
2021-03-31 13:16:50.220 DEBUG 18076 --- [http-nio-8080-exec-3] com.soreak.dao.UserDao.selectOne         : ==>  Preparing: SELECT id,qq,password,git,role,create_time,phone,wechat,nickname,update_time,information,avatar,email FROM sk_user WHERE (phone = ?)
2021-03-31 13:16:50.220 DEBUG 18076 --- [http-nio-8080-exec-3] com.soreak.dao.UserDao.selectOne         : ==> Parameters: 17689400639(String)
2021-03-31 13:16:50.222 DEBUG 18076 --- [http-nio-8080-exec-3] com.soreak.dao.UserDao.selectOne         : <==      Total: 1
2021-03-31 13:16:50.223 DEBUG 18076 --- [http-nio-8080-exec-3] com.soreak.dao.BlogLikeDao.selectOne     : ==>  Preparing: SELECT id,update_time,blog_id,user_id,status FROM sk_blog_like WHERE (blog_id = ? AND user_id = ?)
2021-03-31 13:16:50.223 DEBUG 18076 --- [http-nio-8080-exec-3] com.soreak.dao.BlogLikeDao.selectOne     : ==> Parameters: 5(Long), 1(Long)
2021-03-31 13:16:50.231 DEBUG 18076 --- [http-nio-8080-exec-3] com.soreak.dao.BlogLikeDao.selectOne     : <==      Total: 0
2021-03-31 13:16:50.232 DEBUG 18076 --- [http-nio-8080-exec-3] com.soreak.dao.BlogDao.getOneBlogById    : ==>  Preparing: SELECT b.*,u.nickname as 'userName',u.avatar as 'userAvatar' FROM sk_blog b,sk_user u WHERE b.user_id = u.id and b.id=?
2021-03-31 13:16:50.232 DEBUG 18076 --- [http-nio-8080-exec-3] com.soreak.dao.BlogDao.getOneBlogById    : ==> Parameters: 5(Long)
2021-03-31 13:16:50.234 DEBUG 18076 --- [http-nio-8080-exec-3] com.soreak.dao.BlogDao.getOneBlogById    : <==      Total: 1
2021-03-31 13:16:50.237 DEBUG 18076 --- [http-nio-8080-exec-3] com.soreak.dao.TagDao.getTagByBlogId     : ==>  Preparing: select t.`id`,t.`Name` FROM sk_tag t,sk_blog_tag bt WHERE t.id = bt.tag_id and bt.blog_id=?
2021-03-31 13:16:50.237 DEBUG 18076 --- [http-nio-8080-exec-3] com.soreak.dao.TagDao.getTagByBlogId     : ==> Parameters: 5(Long)
2021-03-31 13:16:50.238 DEBUG 18076 --- [http-nio-8080-exec-3] com.soreak.dao.TagDao.getTagByBlogId     : <==      Total: 2
2021-03-31 13:16:50.239 DEBUG 18076 --- [http-nio-8080-exec-3] com.soreak.dao.BlogDao.updateViews       : ==>  Preparing: update sk_blog b set b.views = b.views+1 where b.id=?
2021-03-31 13:16:50.239 DEBUG 18076 --- [http-nio-8080-exec-3] com.soreak.dao.BlogDao.updateViews       : ==> Parameters: 5(Long)
2021-03-31 13:16:50.242 DEBUG 18076 --- [http-nio-8080-exec-3] com.soreak.dao.BlogDao.updateViews       : <==    Updates: 1
2021-03-31 13:16:50.842 DEBUG 18076 --- [http-nio-8080-exec-10] tBlogCommentByBlogIdAndParentCommentNull : ==>  Preparing: select bc.*,u.nickname as 'nickname' FROM sk_blog_comment bc, sk_user u WHERE bc.user_id = u.id and bc.blog_id=? and bc.parent_comment_id is NULL ORDER BY create_time asc
2021-03-31 13:16:50.843 DEBUG 18076 --- [http-nio-8080-exec-10] tBlogCommentByBlogIdAndParentCommentNull : ==> Parameters: 5(Long)
2021-03-31 13:16:50.843 DEBUG 18076 --- [http-nio-8080-exec-10] tBlogCommentByBlogIdAndParentCommentNull : <==      Total: 0
2021-03-31 13:16:50.844 DEBUG 18076 --- [http-nio-8080-exec-10] com.soreak.dao.BlogDao.getOneBlogById    : ==>  Preparing: SELECT b.*,u.nickname as 'userName',u.avatar as 'userAvatar' FROM sk_blog b,sk_user u WHERE b.user_id = u.id and b.id=?
2021-03-31 13:16:50.844 DEBUG 18076 --- [http-nio-8080-exec-10] com.soreak.dao.BlogDao.getOneBlogById    : ==> Parameters: 5(Long)
2021-03-31 13:16:50.846 DEBUG 18076 --- [http-nio-8080-exec-10] com.soreak.dao.BlogDao.getOneBlogById    : <==      Total: 1
2021-03-31 13:16:50.847 DEBUG 18076 --- [http-nio-8080-exec-10] com.soreak.dao.TagDao.getTagByBlogId     : ==>  Preparing: select t.`id`,t.`Name` FROM sk_tag t,sk_blog_tag bt WHERE t.id = bt.tag_id and bt.blog_id=?
2021-03-31 13:16:50.847 DEBUG 18076 --- [http-nio-8080-exec-10] com.soreak.dao.TagDao.getTagByBlogId     : ==> Parameters: 5(Long)
2021-03-31 13:16:50.848 DEBUG 18076 --- [http-nio-8080-exec-10] com.soreak.dao.TagDao.getTagByBlogId     : <==      Total: 2
2021-03-31 13:16:50.849 DEBUG 18076 --- [http-nio-8080-exec-10] com.soreak.dao.UserDao.selectOne         : ==>  Preparing: SELECT id,qq,password,git,role,create_time,phone,wechat,nickname,update_time,information,avatar,email FROM sk_user WHERE (phone = ?)
2021-03-31 13:16:50.850 DEBUG 18076 --- [http-nio-8080-exec-10] com.soreak.dao.UserDao.selectOne         : ==> Parameters: 17689400639(String)
2021-03-31 13:16:50.851 DEBUG 18076 --- [http-nio-8080-exec-10] com.soreak.dao.UserDao.selectOne         : <==      Total: 1
2021-03-31 13:18:30.239 DEBUG 18076 --- [http-nio-8080-exec-6] com.soreak.dao.UserDao.selectOne         : ==>  Preparing: SELECT id,qq,password,git,role,create_time,phone,wechat,nickname,update_time,information,avatar,email FROM sk_user WHERE (phone = ?)
2021-03-31 13:18:30.240 DEBUG 18076 --- [http-nio-8080-exec-6] com.soreak.dao.UserDao.selectOne         : ==> Parameters: 17689400639(String)
2021-03-31 13:18:30.241 DEBUG 18076 --- [http-nio-8080-exec-6] com.soreak.dao.UserDao.selectOne         : <==      Total: 1
2021-03-31 13:18:30.243 DEBUG 18076 --- [http-nio-8080-exec-6] com.soreak.dao.UserDao.updateById        : ==>  Preparing: UPDATE sk_user SET update_time=? WHERE id=?
2021-03-31 13:18:30.243 DEBUG 18076 --- [http-nio-8080-exec-6] com.soreak.dao.UserDao.updateById        : ==> Parameters: 2021-03-31 13:18:30.241(Timestamp), 1(Long)
2021-03-31 13:18:30.249 DEBUG 18076 --- [http-nio-8080-exec-6] com.soreak.dao.UserDao.updateById        : <==    Updates: 1
2021-03-31 13:18:30.250 DEBUG 18076 --- [http-nio-8080-exec-6] c.s.dao.TagDao.getTagNameAndCountByNews  : ==>  Preparing: select t.id,t.name,COUNT(*) as 'count' FROM sk_tag t,sk_news n,sk_news_tag nt where t.id = nt.tag_id and n.id = nt.news_id GROUP BY t.`Name` ORDER BY COUNT(*) desc LIMIT 8
2021-03-31 13:18:30.250 DEBUG 18076 --- [http-nio-8080-exec-6] c.s.dao.TagDao.getTagNameAndCountByNews  : ==> Parameters: 
2021-03-31 13:18:30.255 DEBUG 18076 --- [http-nio-8080-exec-6] c.s.dao.TagDao.getTagNameAndCountByNews  : <==      Total: 3
2021-03-31 13:18:30.256 DEBUG 18076 --- [http-nio-8080-exec-6] com.soreak.dao.NewsDao.getNewsList       : ==>  Preparing: SELECT n.*,u.nickname as 'userName',u.avatar as 'userAvatar' FROM sk_news n,sk_user u WHERE n.user_id = u.id ORDER BY n.update_time DESC
2021-03-31 13:18:30.257 DEBUG 18076 --- [http-nio-8080-exec-6] com.soreak.dao.NewsDao.getNewsList       : ==> Parameters: 
2021-03-31 13:18:30.259 DEBUG 18076 --- [http-nio-8080-exec-6] com.soreak.dao.NewsDao.getNewsList       : <==      Total: 3
2021-03-31 13:18:30.261 DEBUG 18076 --- [http-nio-8080-exec-6] com.soreak.dao.NewsLikeDao.selectCount   : ==>  Preparing: SELECT COUNT( 1 ) FROM sk_News_like WHERE (news_id = ?)
2021-03-31 13:18:30.262 DEBUG 18076 --- [http-nio-8080-exec-6] com.soreak.dao.NewsLikeDao.selectCount   : ==> Parameters: 2(Long)
2021-03-31 13:18:30.265 DEBUG 18076 --- [http-nio-8080-exec-6] com.soreak.dao.NewsLikeDao.selectCount   : <==      Total: 1
2021-03-31 13:18:30.267 DEBUG 18076 --- [http-nio-8080-exec-6] com.soreak.dao.NewsLikeDao.selectCount   : ==>  Preparing: SELECT COUNT( 1 ) FROM sk_News_like WHERE (news_id = ?)
2021-03-31 13:18:30.267 DEBUG 18076 --- [http-nio-8080-exec-6] com.soreak.dao.NewsLikeDao.selectCount   : ==> Parameters: 1(Long)
2021-03-31 13:18:30.268 DEBUG 18076 --- [http-nio-8080-exec-6] com.soreak.dao.NewsLikeDao.selectCount   : <==      Total: 1
2021-03-31 13:18:30.270 DEBUG 18076 --- [http-nio-8080-exec-6] com.soreak.dao.NewsLikeDao.selectCount   : ==>  Preparing: SELECT COUNT( 1 ) FROM sk_News_like WHERE (news_id = ?)
2021-03-31 13:18:30.270 DEBUG 18076 --- [http-nio-8080-exec-6] com.soreak.dao.NewsLikeDao.selectCount   : ==> Parameters: 3(Long)
2021-03-31 13:18:30.271 DEBUG 18076 --- [http-nio-8080-exec-6] com.soreak.dao.NewsLikeDao.selectCount   : <==      Total: 1
2021-03-31 13:18:30.272 DEBUG 18076 --- [http-nio-8080-exec-6] com.soreak.dao.NewsDao.getOneDayHotNews  : ==>  Preparing: select * from sk_news n where to_days(create_time) = to_days(now()) ORDER BY n.views DESC limit 5
2021-03-31 13:18:30.272 DEBUG 18076 --- [http-nio-8080-exec-6] com.soreak.dao.NewsDao.getOneDayHotNews  : ==> Parameters: 
2021-03-31 13:18:30.272 DEBUG 18076 --- [http-nio-8080-exec-6] com.soreak.dao.NewsDao.getOneDayHotNews  : <==      Total: 0
2021-03-31 13:18:30.273 DEBUG 18076 --- [http-nio-8080-exec-6] com.soreak.dao.NewsDao.getWeekHotNews    : ==>  Preparing: select * from sk_news n WHERE YEARWEEK(date_format(create_time,'%Y-%m-%d')) = YEARWEEK(now(),1) ORDER BY n.views DESC limit 5
2021-03-31 13:18:30.273 DEBUG 18076 --- [http-nio-8080-exec-6] com.soreak.dao.NewsDao.getWeekHotNews    : ==> Parameters: 
2021-03-31 13:18:30.274 DEBUG 18076 --- [http-nio-8080-exec-6] com.soreak.dao.NewsDao.getWeekHotNews    : <==      Total: 0
2021-03-31 13:18:31.372 DEBUG 18076 --- [http-nio-8080-exec-5] com.soreak.dao.UserDao.selectOne         : ==>  Preparing: SELECT id,qq,password,git,role,create_time,phone,wechat,nickname,update_time,information,avatar,email FROM sk_user WHERE (phone = ?)
2021-03-31 13:18:31.373 DEBUG 18076 --- [http-nio-8080-exec-5] com.soreak.dao.UserDao.selectOne         : ==> Parameters: 17689400639(String)
2021-03-31 13:18:31.374 DEBUG 18076 --- [http-nio-8080-exec-5] com.soreak.dao.UserDao.selectOne         : <==      Total: 1
2021-03-31 13:18:31.375 DEBUG 18076 --- [http-nio-8080-exec-5] com.soreak.dao.NewsLikeDao.selectOne     : ==>  Preparing: SELECT id,news_id,update_time,user_id,status FROM sk_News_like WHERE (news_id = ? AND user_id = ?)
2021-03-31 13:18:31.375 DEBUG 18076 --- [http-nio-8080-exec-5] com.soreak.dao.NewsLikeDao.selectOne     : ==> Parameters: 2(Long), 1(Long)
2021-03-31 13:18:31.377 DEBUG 18076 --- [http-nio-8080-exec-5] com.soreak.dao.NewsLikeDao.selectOne     : <==      Total: 1
2021-03-31 13:18:31.378 DEBUG 18076 --- [http-nio-8080-exec-5] com.soreak.dao.NewsDao.getOneNewsById    : ==>  Preparing: SELECT n.*,u.nickname as 'userName',u.avatar as 'userAvatar' FROM sk_news n,sk_user u WHERE n.user_id = u.id and n.id=?
2021-03-31 13:18:31.378 DEBUG 18076 --- [http-nio-8080-exec-5] com.soreak.dao.NewsDao.getOneNewsById    : ==> Parameters: 2(Long)
2021-03-31 13:18:31.379 DEBUG 18076 --- [http-nio-8080-exec-5] com.soreak.dao.NewsDao.getOneNewsById    : <==      Total: 1
2021-03-31 13:18:31.380 DEBUG 18076 --- [http-nio-8080-exec-5] com.soreak.dao.TagDao.getTagByNewsId     : ==>  Preparing: select t.`id`,t.`Name` FROM sk_tag t,sk_news_tag nt WHERE t.id = nt.tag_id and nt.news_id=?
2021-03-31 13:18:31.380 DEBUG 18076 --- [http-nio-8080-exec-5] com.soreak.dao.TagDao.getTagByNewsId     : ==> Parameters: 2(Long)
2021-03-31 13:18:31.381 DEBUG 18076 --- [http-nio-8080-exec-5] com.soreak.dao.TagDao.getTagByNewsId     : <==      Total: 1
2021-03-31 13:18:31.382 DEBUG 18076 --- [http-nio-8080-exec-5] com.soreak.dao.NewsDao.updateViews       : ==>  Preparing: update sk_news n set n.views = n.views+1 where n.id=?
2021-03-31 13:18:31.382 DEBUG 18076 --- [http-nio-8080-exec-5] com.soreak.dao.NewsDao.updateViews       : ==> Parameters: 2(Long)
2021-03-31 13:18:31.390 DEBUG 18076 --- [http-nio-8080-exec-5] com.soreak.dao.NewsDao.updateViews       : <==    Updates: 1
2021-03-31 13:18:31.924 DEBUG 18076 --- [http-nio-8080-exec-6] tNewsCommentByBlogIdAndParentCommentNull : ==>  Preparing: select nc.*,u.nickname as 'nickname' FROM sk_news_comment nc, sk_user u WHERE nc.user_id = u.id and nc.news_id=? and nc.parent_comment_id is NULL ORDER BY create_time asc
2021-03-31 13:18:31.924 DEBUG 18076 --- [http-nio-8080-exec-6] tNewsCommentByBlogIdAndParentCommentNull : ==> Parameters: 2(Long)
2021-03-31 13:18:31.928 DEBUG 18076 --- [http-nio-8080-exec-6] tNewsCommentByBlogIdAndParentCommentNull : <==      Total: 1
2021-03-31 13:18:31.929 DEBUG 18076 --- [http-nio-8080-exec-6] c.s.d.N.getChildCommentByParentId        : ==>  Preparing: select nc.*,u.nickname as 'nickname' FROM sk_news_comment nc, sk_user u WHERE nc.user_id = u.id and parent_comment_id=? ORDER BY create_time asc
2021-03-31 13:18:31.930 DEBUG 18076 --- [http-nio-8080-exec-6] c.s.d.N.getChildCommentByParentId        : ==> Parameters: 2(Long)
2021-03-31 13:18:31.931 DEBUG 18076 --- [http-nio-8080-exec-6] c.s.d.N.getChildCommentByParentId        : <==      Total: 0
2021-03-31 13:18:31.931 DEBUG 18076 --- [http-nio-8080-exec-6] com.soreak.dao.NewsDao.getOneNewsById    : ==>  Preparing: SELECT n.*,u.nickname as 'userName',u.avatar as 'userAvatar' FROM sk_news n,sk_user u WHERE n.user_id = u.id and n.id=?
2021-03-31 13:18:31.932 DEBUG 18076 --- [http-nio-8080-exec-6] com.soreak.dao.NewsDao.getOneNewsById    : ==> Parameters: 2(Long)
2021-03-31 13:18:31.933 DEBUG 18076 --- [http-nio-8080-exec-6] com.soreak.dao.NewsDao.getOneNewsById    : <==      Total: 1
2021-03-31 13:18:31.933 DEBUG 18076 --- [http-nio-8080-exec-6] com.soreak.dao.TagDao.getTagByNewsId     : ==>  Preparing: select t.`id`,t.`Name` FROM sk_tag t,sk_news_tag nt WHERE t.id = nt.tag_id and nt.news_id=?
2021-03-31 13:18:31.933 DEBUG 18076 --- [http-nio-8080-exec-6] com.soreak.dao.TagDao.getTagByNewsId     : ==> Parameters: 2(Long)
2021-03-31 13:18:31.935 DEBUG 18076 --- [http-nio-8080-exec-6] com.soreak.dao.TagDao.getTagByNewsId     : <==      Total: 1
2021-03-31 13:22:22.769 DEBUG 18076 --- [http-nio-8080-exec-2] com.soreak.dao.UserDao.selectOne         : ==>  Preparing: SELECT id,qq,password,git,role,create_time,phone,wechat,nickname,update_time,information,avatar,email FROM sk_user WHERE (phone = ?)
2021-03-31 13:22:22.769 DEBUG 18076 --- [http-nio-8080-exec-2] com.soreak.dao.UserDao.selectOne         : ==> Parameters: 17689400639(String)
2021-03-31 13:22:22.770 DEBUG 18076 --- [http-nio-8080-exec-2] com.soreak.dao.UserDao.selectOne         : <==      Total: 1
2021-03-31 13:22:22.771 DEBUG 18076 --- [http-nio-8080-exec-2] com.soreak.dao.UserDao.selectById        : ==>  Preparing: SELECT id,qq,password,git,role,create_time,phone,wechat,nickname,update_time,information,avatar,email FROM sk_user WHERE id=?
2021-03-31 13:22:22.771 DEBUG 18076 --- [http-nio-8080-exec-2] com.soreak.dao.UserDao.selectById        : ==> Parameters: 1(Long)
2021-03-31 13:22:22.772 DEBUG 18076 --- [http-nio-8080-exec-2] com.soreak.dao.UserDao.selectById        : <==      Total: 1
2021-03-31 13:22:22.772 DEBUG 18076 --- [http-nio-8080-exec-2] c.s.dao.UserFollowDao.selectFollowByUId  : ==>  Preparing: SELECT u.id,u.nickname,u.information,u.avatar FROM sk_user_follow uf,sk_user u where uf.user_follow_id =u.id and uf.user_id = ? order by uf.create_time asc
2021-03-31 13:22:22.773 DEBUG 18076 --- [http-nio-8080-exec-2] c.s.dao.UserFollowDao.selectFollowByUId  : ==> Parameters: 1(Long)
2021-03-31 13:22:22.777 DEBUG 18076 --- [http-nio-8080-exec-2] c.s.dao.UserFollowDao.selectFollowByUId  : <==      Total: 2
2021-03-31 13:22:22.778 DEBUG 18076 --- [http-nio-8080-exec-2] c.s.dao.UserFollowDao.selectFollowByUId  : ==>  Preparing: SELECT u.id,u.nickname,u.information,u.avatar FROM sk_user_follow uf,sk_user u where uf.user_follow_id =u.id and uf.user_id = ? order by uf.create_time asc
2021-03-31 13:22:22.778 DEBUG 18076 --- [http-nio-8080-exec-2] c.s.dao.UserFollowDao.selectFollowByUId  : ==> Parameters: 1(Long)
2021-03-31 13:22:22.779 DEBUG 18076 --- [http-nio-8080-exec-2] c.s.dao.UserFollowDao.selectFollowByUId  : <==      Total: 2
2021-03-31 13:22:22.780 DEBUG 18076 --- [http-nio-8080-exec-2] c.s.d.UserFollowDao.selectFollowByUFId   : ==>  Preparing: SELECT u.id,u.nickname,u.information,u.avatar FROM sk_user_follow uf,sk_user u where uf.user_id =u.id and uf.user_follow_id = ? order by uf.create_time asc
2021-03-31 13:22:22.780 DEBUG 18076 --- [http-nio-8080-exec-2] c.s.d.UserFollowDao.selectFollowByUFId   : ==> Parameters: 1(Long)
2021-03-31 13:22:22.782 DEBUG 18076 --- [http-nio-8080-exec-2] c.s.d.UserFollowDao.selectFollowByUFId   : <==      Total: 2
2021-03-31 13:22:22.783 DEBUG 18076 --- [http-nio-8080-exec-2] c.s.dao.BlogDao.getMyBlogListByUserId    : ==>  Preparing: SELECT b.*,u.nickname as 'userName',u.avatar as 'userAvatar' FROM sk_blog b,sk_user u WHERE b.user_id = u.id and b.user_id=? ORDER BY b.create_time DESC
2021-03-31 13:22:22.783 DEBUG 18076 --- [http-nio-8080-exec-2] c.s.dao.BlogDao.getMyBlogListByUserId    : ==> Parameters: 1(Long)
2021-03-31 13:22:22.786 DEBUG 18076 --- [http-nio-8080-exec-2] c.s.dao.BlogDao.getMyBlogListByUserId    : <==      Total: 3
2021-03-31 13:22:22.788 DEBUG 18076 --- [http-nio-8080-exec-2] com.soreak.dao.BlogLikeDao.selectCount   : ==>  Preparing: SELECT COUNT( 1 ) FROM sk_blog_like WHERE (blog_id = ?)
2021-03-31 13:22:22.788 DEBUG 18076 --- [http-nio-8080-exec-2] com.soreak.dao.BlogLikeDao.selectCount   : ==> Parameters: 1(Long)
2021-03-31 13:22:22.788 DEBUG 18076 --- [http-nio-8080-exec-2] com.soreak.dao.BlogLikeDao.selectCount   : <==      Total: 1
2021-03-31 13:22:22.789 DEBUG 18076 --- [http-nio-8080-exec-2] com.soreak.dao.BlogLikeDao.selectCount   : ==>  Preparing: SELECT COUNT( 1 ) FROM sk_blog_like WHERE (blog_id = ?)
2021-03-31 13:22:22.789 DEBUG 18076 --- [http-nio-8080-exec-2] com.soreak.dao.BlogLikeDao.selectCount   : ==> Parameters: 4(Long)
2021-03-31 13:22:22.790 DEBUG 18076 --- [http-nio-8080-exec-2] com.soreak.dao.BlogLikeDao.selectCount   : <==      Total: 1
2021-03-31 13:22:22.791 DEBUG 18076 --- [http-nio-8080-exec-2] com.soreak.dao.BlogLikeDao.selectCount   : ==>  Preparing: SELECT COUNT( 1 ) FROM sk_blog_like WHERE (blog_id = ?)
2021-03-31 13:22:22.791 DEBUG 18076 --- [http-nio-8080-exec-2] com.soreak.dao.BlogLikeDao.selectCount   : ==> Parameters: 7(Long)
2021-03-31 13:22:22.792 DEBUG 18076 --- [http-nio-8080-exec-2] com.soreak.dao.BlogLikeDao.selectCount   : <==      Total: 1
2021-03-31 13:22:52.475 DEBUG 18076 --- [http-nio-8080-exec-6] com.soreak.dao.UserDao.selectOne         : ==>  Preparing: SELECT id,qq,password,git,role,create_time,phone,wechat,nickname,update_time,information,avatar,email FROM sk_user WHERE (phone = ?)
2021-03-31 13:22:52.475 DEBUG 18076 --- [http-nio-8080-exec-6] com.soreak.dao.UserDao.selectOne         : ==> Parameters: 17689400639(String)
2021-03-31 13:22:52.476 DEBUG 18076 --- [http-nio-8080-exec-6] com.soreak.dao.UserDao.selectOne         : <==      Total: 1
2021-03-31 13:22:52.477 DEBUG 18076 --- [http-nio-8080-exec-6] com.soreak.dao.UserDao.updateById        : ==>  Preparing: UPDATE sk_user SET update_time=? WHERE id=?
2021-03-31 13:22:52.478 DEBUG 18076 --- [http-nio-8080-exec-6] com.soreak.dao.UserDao.updateById        : ==> Parameters: 2021-03-31 13:22:52.477(Timestamp), 1(Long)
2021-03-31 13:22:52.484 DEBUG 18076 --- [http-nio-8080-exec-6] com.soreak.dao.UserDao.updateById        : <==    Updates: 1
2021-03-31 13:22:52.485 DEBUG 18076 --- [http-nio-8080-exec-6] com.soreak.dao.TopicDao.getTopicList     : ==>  Preparing: SELECT t.*,u.nickname as 'userName',u.avatar as 'userAvatar' FROM sk_topic t,sk_user u WHERE t.user_id = u.id and t.published = 1 ORDER BY t.update_time DESC
2021-03-31 13:22:52.485 DEBUG 18076 --- [http-nio-8080-exec-6] com.soreak.dao.TopicDao.getTopicList     : ==> Parameters: 
2021-03-31 13:22:52.489 DEBUG 18076 --- [http-nio-8080-exec-6] com.soreak.dao.TopicDao.getTopicList     : <==      Total: 4
2021-03-31 13:22:52.490 DEBUG 18076 --- [http-nio-8080-exec-6] c.s.dao.TopicCommentDao.selectCount      : ==>  Preparing: SELECT COUNT( 1 ) FROM sk_topic_comment WHERE (topic_id = ?)
2021-03-31 13:22:52.490 DEBUG 18076 --- [http-nio-8080-exec-6] c.s.dao.TopicCommentDao.selectCount      : ==> Parameters: 1(Long)
2021-03-31 13:22:52.494 DEBUG 18076 --- [http-nio-8080-exec-6] c.s.dao.TopicCommentDao.selectCount      : <==      Total: 1
2021-03-31 13:22:52.495 DEBUG 18076 --- [http-nio-8080-exec-6] c.s.dao.TopicCommentDao.selectCount      : ==>  Preparing: SELECT COUNT( 1 ) FROM sk_topic_comment WHERE (topic_id = ?)
2021-03-31 13:22:52.495 DEBUG 18076 --- [http-nio-8080-exec-6] c.s.dao.TopicCommentDao.selectCount      : ==> Parameters: 9(Long)
2021-03-31 13:22:52.496 DEBUG 18076 --- [http-nio-8080-exec-6] c.s.dao.TopicCommentDao.selectCount      : <==      Total: 1
2021-03-31 13:22:52.496 DEBUG 18076 --- [http-nio-8080-exec-6] c.s.dao.TopicCommentDao.selectCount      : ==>  Preparing: SELECT COUNT( 1 ) FROM sk_topic_comment WHERE (topic_id = ?)
2021-03-31 13:22:52.497 DEBUG 18076 --- [http-nio-8080-exec-6] c.s.dao.TopicCommentDao.selectCount      : ==> Parameters: 3(Long)
2021-03-31 13:22:52.497 DEBUG 18076 --- [http-nio-8080-exec-6] c.s.dao.TopicCommentDao.selectCount      : <==      Total: 1
2021-03-31 13:22:52.498 DEBUG 18076 --- [http-nio-8080-exec-6] c.s.dao.TopicCommentDao.selectCount      : ==>  Preparing: SELECT COUNT( 1 ) FROM sk_topic_comment WHERE (topic_id = ?)
2021-03-31 13:22:52.498 DEBUG 18076 --- [http-nio-8080-exec-6] c.s.dao.TopicCommentDao.selectCount      : ==> Parameters: 2(Long)
2021-03-31 13:22:52.499 DEBUG 18076 --- [http-nio-8080-exec-6] c.s.dao.TopicCommentDao.selectCount      : <==      Total: 1
2021-03-31 13:22:52.500 DEBUG 18076 --- [http-nio-8080-exec-6] c.s.d.TagDao.getTagNameAndCountByTopics  : ==>  Preparing: select t.id,t.name,COUNT(*) as 'count' FROM sk_tag t,sk_topic tp,sk_topic_tag tt where tp.published = 1 and t.id = tt.tag_id and tp.id = tt.topic_id GROUP BY t.`Name` ORDER BY COUNT(*) desc LIMIT 8
2021-03-31 13:22:52.500 DEBUG 18076 --- [http-nio-8080-exec-6] c.s.d.TagDao.getTagNameAndCountByTopics  : ==> Parameters: 
2021-03-31 13:22:52.503 DEBUG 18076 --- [http-nio-8080-exec-6] c.s.d.TagDao.getTagNameAndCountByTopics  : <==      Total: 2
2021-03-31 13:22:53.796 DEBUG 18076 --- [http-nio-8080-exec-9] com.soreak.dao.UserDao.selectOne         : ==>  Preparing: SELECT id,qq,password,git,role,create_time,phone,wechat,nickname,update_time,information,avatar,email FROM sk_user WHERE (phone = ?)
2021-03-31 13:22:53.796 DEBUG 18076 --- [http-nio-8080-exec-9] com.soreak.dao.UserDao.selectOne         : ==> Parameters: 17689400639(String)
2021-03-31 13:22:53.798 DEBUG 18076 --- [http-nio-8080-exec-9] com.soreak.dao.UserDao.selectOne         : <==      Total: 1
2021-03-31 13:22:53.799 DEBUG 18076 --- [http-nio-8080-exec-9] com.soreak.dao.TopicDao.getOneTopicById  : ==>  Preparing: SELECT t.*,u.nickname as 'userName',u.avatar as 'userAvatar' FROM sk_topic t,sk_user u WHERE t.user_id = u.id and t.id=?
2021-03-31 13:22:53.799 DEBUG 18076 --- [http-nio-8080-exec-9] com.soreak.dao.TopicDao.getOneTopicById  : ==> Parameters: 3(Long)
2021-03-31 13:22:53.800 DEBUG 18076 --- [http-nio-8080-exec-9] com.soreak.dao.TopicDao.getOneTopicById  : <==      Total: 1
2021-03-31 13:22:53.801 DEBUG 18076 --- [http-nio-8080-exec-9] com.soreak.dao.TagDao.getTagByTopicId    : ==>  Preparing: select t.`id`,t.`Name` FROM sk_tag t,sk_topic_tag tt WHERE t.id = tt.tag_id and tt.topic_id=?
2021-03-31 13:22:53.801 DEBUG 18076 --- [http-nio-8080-exec-9] com.soreak.dao.TagDao.getTagByTopicId    : ==> Parameters: 3(Long)
2021-03-31 13:22:53.802 DEBUG 18076 --- [http-nio-8080-exec-9] com.soreak.dao.TagDao.getTagByTopicId    : <==      Total: 2
2021-03-31 13:22:53.803 DEBUG 18076 --- [http-nio-8080-exec-9] com.soreak.dao.TopicDao.updateViews      : ==>  Preparing: update sk_topic t set t.views = t.views+1 where t.id=?
2021-03-31 13:22:53.803 DEBUG 18076 --- [http-nio-8080-exec-9] com.soreak.dao.TopicDao.updateViews      : ==> Parameters: 3(Long)
2021-03-31 13:22:53.805 DEBUG 18076 --- [http-nio-8080-exec-9] com.soreak.dao.TopicDao.updateViews      : <==    Updates: 1
2021-03-31 13:22:54.296 DEBUG 18076 --- [http-nio-8080-exec-7] opicCommentByTopicIdAndParentCommentNull : ==>  Preparing: select tc.*,u.nickname as 'nickname',u.avatar as 'userAvatar' FROM sk_topic_comment tc, sk_user u WHERE tc.user_id = u.id and tc.topic_id=? and tc.parent_comment_id is NULL ORDER BY create_time asc
2021-03-31 13:22:54.297 DEBUG 18076 --- [http-nio-8080-exec-7] opicCommentByTopicIdAndParentCommentNull : ==> Parameters: 3(Long)
2021-03-31 13:22:54.301 DEBUG 18076 --- [http-nio-8080-exec-7] opicCommentByTopicIdAndParentCommentNull : <==      Total: 4
2021-03-31 13:22:54.301 DEBUG 18076 --- [http-nio-8080-exec-7] c.s.d.T.getChildCommentByParentId        : ==>  Preparing: select tc.*,u.nickname as 'nickname',u.avatar as 'userAvatar' FROM sk_topic_comment tc, sk_user u WHERE tc.user_id = u.id and parent_comment_id=? ORDER BY create_time asc
2021-03-31 13:22:54.302 DEBUG 18076 --- [http-nio-8080-exec-7] c.s.d.T.getChildCommentByParentId        : ==> Parameters: 1(Long)
2021-03-31 13:22:54.304 DEBUG 18076 --- [http-nio-8080-exec-7] c.s.d.T.getChildCommentByParentId        : <==      Total: 1
2021-03-31 13:22:54.308 DEBUG 18076 --- [http-nio-8080-exec-7] c.s.dao.TopicCommentVODao.selectById     : ==>  Preparing: select tc.*,u.nickname as 'nickname',u.avatar as 'userAvatar' FROM sk_topic_comment tc, sk_user u WHERE tc.user_id = u.id and tc.id = ?
2021-03-31 13:22:54.308 DEBUG 18076 --- [http-nio-8080-exec-7] c.s.dao.TopicCommentVODao.selectById     : ==> Parameters: 1(Long)
2021-03-31 13:22:54.310 DEBUG 18076 --- [http-nio-8080-exec-7] c.s.dao.TopicCommentVODao.selectById     : <==      Total: 1
2021-03-31 13:22:54.310 DEBUG 18076 --- [http-nio-8080-exec-7] c.s.d.T.getChildCommentByParentId        : ==>  Preparing: select tc.*,u.nickname as 'nickname',u.avatar as 'userAvatar' FROM sk_topic_comment tc, sk_user u WHERE tc.user_id = u.id and parent_comment_id=? ORDER BY create_time asc
2021-03-31 13:22:54.311 DEBUG 18076 --- [http-nio-8080-exec-7] c.s.d.T.getChildCommentByParentId        : ==> Parameters: 2(Long)
2021-03-31 13:22:54.312 DEBUG 18076 --- [http-nio-8080-exec-7] c.s.d.T.getChildCommentByParentId        : <==      Total: 1
2021-03-31 13:22:54.313 DEBUG 18076 --- [http-nio-8080-exec-7] c.s.dao.TopicCommentVODao.selectById     : ==>  Preparing: select tc.*,u.nickname as 'nickname',u.avatar as 'userAvatar' FROM sk_topic_comment tc, sk_user u WHERE tc.user_id = u.id and tc.id = ?
2021-03-31 13:22:54.313 DEBUG 18076 --- [http-nio-8080-exec-7] c.s.dao.TopicCommentVODao.selectById     : ==> Parameters: 2(Long)
2021-03-31 13:22:54.314 DEBUG 18076 --- [http-nio-8080-exec-7] c.s.dao.TopicCommentVODao.selectById     : <==      Total: 1
2021-03-31 13:22:54.315 DEBUG 18076 --- [http-nio-8080-exec-7] c.s.d.T.getChildCommentByParentId        : ==>  Preparing: select tc.*,u.nickname as 'nickname',u.avatar as 'userAvatar' FROM sk_topic_comment tc, sk_user u WHERE tc.user_id = u.id and parent_comment_id=? ORDER BY create_time asc
2021-03-31 13:22:54.315 DEBUG 18076 --- [http-nio-8080-exec-7] c.s.d.T.getChildCommentByParentId        : ==> Parameters: 5(Long)
2021-03-31 13:22:54.316 DEBUG 18076 --- [http-nio-8080-exec-7] c.s.d.T.getChildCommentByParentId        : <==      Total: 0
2021-03-31 13:22:54.316 DEBUG 18076 --- [http-nio-8080-exec-7] c.s.d.T.getChildCommentByParentId        : ==>  Preparing: select tc.*,u.nickname as 'nickname',u.avatar as 'userAvatar' FROM sk_topic_comment tc, sk_user u WHERE tc.user_id = u.id and parent_comment_id=? ORDER BY create_time asc
2021-03-31 13:22:54.317 DEBUG 18076 --- [http-nio-8080-exec-7] c.s.d.T.getChildCommentByParentId        : ==> Parameters: 3(Long)
2021-03-31 13:22:54.318 DEBUG 18076 --- [http-nio-8080-exec-7] c.s.d.T.getChildCommentByParentId        : <==      Total: 1
2021-03-31 13:22:54.319 DEBUG 18076 --- [http-nio-8080-exec-7] c.s.dao.TopicCommentVODao.selectById     : ==>  Preparing: select tc.*,u.nickname as 'nickname',u.avatar as 'userAvatar' FROM sk_topic_comment tc, sk_user u WHERE tc.user_id = u.id and tc.id = ?
2021-03-31 13:22:54.319 DEBUG 18076 --- [http-nio-8080-exec-7] c.s.dao.TopicCommentVODao.selectById     : ==> Parameters: 3(Long)
2021-03-31 13:22:54.321 DEBUG 18076 --- [http-nio-8080-exec-7] c.s.dao.TopicCommentVODao.selectById     : <==      Total: 1
2021-03-31 13:22:54.321 DEBUG 18076 --- [http-nio-8080-exec-7] c.s.d.T.getChildCommentByParentId        : ==>  Preparing: select tc.*,u.nickname as 'nickname',u.avatar as 'userAvatar' FROM sk_topic_comment tc, sk_user u WHERE tc.user_id = u.id and parent_comment_id=? ORDER BY create_time asc
2021-03-31 13:22:54.322 DEBUG 18076 --- [http-nio-8080-exec-7] c.s.d.T.getChildCommentByParentId        : ==> Parameters: 4(Long)
2021-03-31 13:22:54.323 DEBUG 18076 --- [http-nio-8080-exec-7] c.s.d.T.getChildCommentByParentId        : <==      Total: 1
2021-03-31 13:22:54.323 DEBUG 18076 --- [http-nio-8080-exec-7] c.s.dao.TopicCommentVODao.selectById     : ==>  Preparing: select tc.*,u.nickname as 'nickname',u.avatar as 'userAvatar' FROM sk_topic_comment tc, sk_user u WHERE tc.user_id = u.id and tc.id = ?
2021-03-31 13:22:54.324 DEBUG 18076 --- [http-nio-8080-exec-7] c.s.dao.TopicCommentVODao.selectById     : ==> Parameters: 4(Long)
2021-03-31 13:22:54.325 DEBUG 18076 --- [http-nio-8080-exec-7] c.s.dao.TopicCommentVODao.selectById     : <==      Total: 1
2021-03-31 13:22:54.326 DEBUG 18076 --- [http-nio-8080-exec-7] c.s.d.T.getChildCommentByParentId        : ==>  Preparing: select tc.*,u.nickname as 'nickname',u.avatar as 'userAvatar' FROM sk_topic_comment tc, sk_user u WHERE tc.user_id = u.id and parent_comment_id=? ORDER BY create_time asc
2021-03-31 13:22:54.326 DEBUG 18076 --- [http-nio-8080-exec-7] c.s.d.T.getChildCommentByParentId        : ==> Parameters: 19(Long)
2021-03-31 13:22:54.327 DEBUG 18076 --- [http-nio-8080-exec-7] c.s.d.T.getChildCommentByParentId        : <==      Total: 0
2021-03-31 13:22:54.328 DEBUG 18076 --- [http-nio-8080-exec-7] c.s.d.T.getChildCommentByParentId        : ==>  Preparing: select tc.*,u.nickname as 'nickname',u.avatar as 'userAvatar' FROM sk_topic_comment tc, sk_user u WHERE tc.user_id = u.id and parent_comment_id=? ORDER BY create_time asc
2021-03-31 13:22:54.328 DEBUG 18076 --- [http-nio-8080-exec-7] c.s.d.T.getChildCommentByParentId        : ==> Parameters: 17(Long)
2021-03-31 13:22:54.329 DEBUG 18076 --- [http-nio-8080-exec-7] c.s.d.T.getChildCommentByParentId        : <==      Total: 1
2021-03-31 13:22:54.330 DEBUG 18076 --- [http-nio-8080-exec-7] c.s.dao.TopicCommentVODao.selectById     : ==>  Preparing: select tc.*,u.nickname as 'nickname',u.avatar as 'userAvatar' FROM sk_topic_comment tc, sk_user u WHERE tc.user_id = u.id and tc.id = ?
2021-03-31 13:22:54.331 DEBUG 18076 --- [http-nio-8080-exec-7] c.s.dao.TopicCommentVODao.selectById     : ==> Parameters: 17(Long)
2021-03-31 13:22:54.332 DEBUG 18076 --- [http-nio-8080-exec-7] c.s.dao.TopicCommentVODao.selectById     : <==      Total: 1
2021-03-31 13:22:54.333 DEBUG 18076 --- [http-nio-8080-exec-7] c.s.d.T.getChildCommentByParentId        : ==>  Preparing: select tc.*,u.nickname as 'nickname',u.avatar as 'userAvatar' FROM sk_topic_comment tc, sk_user u WHERE tc.user_id = u.id and parent_comment_id=? ORDER BY create_time asc
2021-03-31 13:22:54.333 DEBUG 18076 --- [http-nio-8080-exec-7] c.s.d.T.getChildCommentByParentId        : ==> Parameters: 18(Long)
2021-03-31 13:22:54.334 DEBUG 18076 --- [http-nio-8080-exec-7] c.s.d.T.getChildCommentByParentId        : <==      Total: 0
2021-03-31 13:22:54.334 DEBUG 18076 --- [http-nio-8080-exec-7] c.s.d.T.getChildCommentByParentId        : ==>  Preparing: select tc.*,u.nickname as 'nickname',u.avatar as 'userAvatar' FROM sk_topic_comment tc, sk_user u WHERE tc.user_id = u.id and parent_comment_id=? ORDER BY create_time asc
2021-03-31 13:22:54.334 DEBUG 18076 --- [http-nio-8080-exec-7] c.s.d.T.getChildCommentByParentId        : ==> Parameters: 20(Long)
2021-03-31 13:22:54.335 DEBUG 18076 --- [http-nio-8080-exec-7] c.s.d.T.getChildCommentByParentId        : <==      Total: 1
2021-03-31 13:22:54.336 DEBUG 18076 --- [http-nio-8080-exec-7] c.s.dao.TopicCommentVODao.selectById     : ==>  Preparing: select tc.*,u.nickname as 'nickname',u.avatar as 'userAvatar' FROM sk_topic_comment tc, sk_user u WHERE tc.user_id = u.id and tc.id = ?
2021-03-31 13:22:54.337 DEBUG 18076 --- [http-nio-8080-exec-7] c.s.dao.TopicCommentVODao.selectById     : ==> Parameters: 20(Long)
2021-03-31 13:22:54.338 DEBUG 18076 --- [http-nio-8080-exec-7] c.s.dao.TopicCommentVODao.selectById     : <==      Total: 1
2021-03-31 13:22:54.339 DEBUG 18076 --- [http-nio-8080-exec-7] c.s.d.T.getChildCommentByParentId        : ==>  Preparing: select tc.*,u.nickname as 'nickname',u.avatar as 'userAvatar' FROM sk_topic_comment tc, sk_user u WHERE tc.user_id = u.id and parent_comment_id=? ORDER BY create_time asc
2021-03-31 13:22:54.339 DEBUG 18076 --- [http-nio-8080-exec-7] c.s.d.T.getChildCommentByParentId        : ==> Parameters: 21(Long)
2021-03-31 13:22:54.340 DEBUG 18076 --- [http-nio-8080-exec-7] c.s.d.T.getChildCommentByParentId        : <==      Total: 0
2021-03-31 13:22:54.340 DEBUG 18076 --- [http-nio-8080-exec-7] com.soreak.dao.TopicDao.getOneTopicById  : ==>  Preparing: SELECT t.*,u.nickname as 'userName',u.avatar as 'userAvatar' FROM sk_topic t,sk_user u WHERE t.user_id = u.id and t.id=?
2021-03-31 13:22:54.341 DEBUG 18076 --- [http-nio-8080-exec-7] com.soreak.dao.TopicDao.getOneTopicById  : ==> Parameters: 3(Long)
2021-03-31 13:22:54.342 DEBUG 18076 --- [http-nio-8080-exec-7] com.soreak.dao.TopicDao.getOneTopicById  : <==      Total: 1
2021-03-31 13:22:54.342 DEBUG 18076 --- [http-nio-8080-exec-7] com.soreak.dao.TagDao.getTagByTopicId    : ==>  Preparing: select t.`id`,t.`Name` FROM sk_tag t,sk_topic_tag tt WHERE t.id = tt.tag_id and tt.topic_id=?
2021-03-31 13:22:54.342 DEBUG 18076 --- [http-nio-8080-exec-7] com.soreak.dao.TagDao.getTagByTopicId    : ==> Parameters: 3(Long)
2021-03-31 13:22:54.344 DEBUG 18076 --- [http-nio-8080-exec-7] com.soreak.dao.TagDao.getTagByTopicId    : <==      Total: 2
2021-03-31 13:22:54.345 DEBUG 18076 --- [http-nio-8080-exec-7] com.soreak.dao.UserDao.selectOne         : ==>  Preparing: SELECT id,qq,password,git,role,create_time,phone,wechat,nickname,update_time,information,avatar,email FROM sk_user WHERE (phone = ?)
2021-03-31 13:22:54.346 DEBUG 18076 --- [http-nio-8080-exec-7] com.soreak.dao.UserDao.selectOne         : ==> Parameters: 17689400639(String)
2021-03-31 13:22:54.347 DEBUG 18076 --- [http-nio-8080-exec-7] com.soreak.dao.UserDao.selectOne         : <==      Total: 1
2021-03-31 13:24:09.088 DEBUG 18076 --- [http-nio-8080-exec-9] com.soreak.dao.UserDao.selectOne         : ==>  Preparing: SELECT id,qq,password,git,role,create_time,phone,wechat,nickname,update_time,information,avatar,email FROM sk_user WHERE (phone = ?)
2021-03-31 13:24:09.088 DEBUG 18076 --- [http-nio-8080-exec-9] com.soreak.dao.UserDao.selectOne         : ==> Parameters: 17689400639(String)
2021-03-31 13:24:09.089 DEBUG 18076 --- [http-nio-8080-exec-9] com.soreak.dao.UserDao.selectOne         : <==      Total: 1
2021-03-31 13:24:09.090 DEBUG 18076 --- [http-nio-8080-exec-9] c.soreak.dao.BlogDao.searchBlogByQuery   : ==>  Preparing: SELECT b.*,u.nickname as 'userName',u.avatar as 'userAvatar' FROM sk_blog b,sk_user u WHERE b.user_id = u.id and b.title like concat('%',?,'%') or b.content like concat('%',?,'%') GROUP BY b.id ORDER BY b.update_time
2021-03-31 13:24:09.090 DEBUG 18076 --- [http-nio-8080-exec-9] c.soreak.dao.BlogDao.searchBlogByQuery   : ==> Parameters: (String), (String)
2021-03-31 13:24:09.093 DEBUG 18076 --- [http-nio-8080-exec-9] c.soreak.dao.BlogDao.searchBlogByQuery   : <==      Total: 2
2021-03-31 13:24:09.100 DEBUG 18076 --- [http-nio-8080-exec-9] c.soreak.dao.NewsDao.searchNewsByQuery   : ==>  Preparing: SELECT n.*,u.nickname as 'userName',u.avatar as 'userAvatar' FROM sk_news n,sk_user u WHERE n.user_id = u.id and n.title like concat('%',?,'%') or n.content like concat('%',?,'%') GROUP BY n.id ORDER BY n.update_time
2021-03-31 13:24:09.101 DEBUG 18076 --- [http-nio-8080-exec-9] c.soreak.dao.NewsDao.searchNewsByQuery   : ==> Parameters: (String), (String)
2021-03-31 13:24:09.102 DEBUG 18076 --- [http-nio-8080-exec-9] c.soreak.dao.NewsDao.searchNewsByQuery   : <==      Total: 0
2021-03-31 13:24:09.103 DEBUG 18076 --- [http-nio-8080-exec-9] c.s.dao.TopicDao.searchTopicByQuery      : ==>  Preparing: SELECT t.*,u.nickname as 'userName',u.avatar as 'userAvatar' FROM sk_topic t,sk_user u WHERE t.user_id = u.id and t.title like concat('%',?,'%') or t.content like concat('%',?,'%') GROUP BY t.id ORDER BY t.update_time
2021-03-31 13:24:09.103 DEBUG 18076 --- [http-nio-8080-exec-9] c.s.dao.TopicDao.searchTopicByQuery      : ==> Parameters: (String), (String)
2021-03-31 13:24:09.104 DEBUG 18076 --- [http-nio-8080-exec-9] c.s.dao.TopicDao.searchTopicByQuery      : <==      Total: 0
2021-03-31 13:24:09.107 DEBUG 18076 --- [http-nio-8080-exec-9] com.soreak.dao.UserDao.selectList        : ==>  Preparing: SELECT id,qq,password,git,role,create_time,phone,wechat,nickname,update_time,information,avatar,email FROM sk_user WHERE (nickname LIKE ?)
2021-03-31 13:24:09.107 DEBUG 18076 --- [http-nio-8080-exec-9] com.soreak.dao.UserDao.selectList        : ==> Parameters: %%(String)
2021-03-31 13:24:09.108 DEBUG 18076 --- [http-nio-8080-exec-9] com.soreak.dao.UserDao.selectList        : <==      Total: 1
2021-03-31 13:24:23.017 DEBUG 18076 --- [http-nio-8080-exec-1] com.soreak.dao.UserDao.selectOne         : ==>  Preparing: SELECT id,qq,password,git,role,create_time,phone,wechat,nickname,update_time,information,avatar,email FROM sk_user WHERE (phone = ?)
2021-03-31 13:24:23.017 DEBUG 18076 --- [http-nio-8080-exec-1] com.soreak.dao.UserDao.selectOne         : ==> Parameters: 17689400639(String)
2021-03-31 13:24:23.019 DEBUG 18076 --- [http-nio-8080-exec-1] com.soreak.dao.UserDao.selectOne         : <==      Total: 1
2021-03-31 13:24:23.021 DEBUG 18076 --- [http-nio-8080-exec-1] com.soreak.dao.UserDao.updateById        : ==>  Preparing: UPDATE sk_user SET update_time=? WHERE id=?
2021-03-31 13:24:23.021 DEBUG 18076 --- [http-nio-8080-exec-1] com.soreak.dao.UserDao.updateById        : ==> Parameters: 2021-03-31 13:24:23.019(Timestamp), 1(Long)
2021-03-31 13:24:23.025 DEBUG 18076 --- [http-nio-8080-exec-1] com.soreak.dao.UserDao.updateById        : <==    Updates: 1
2021-03-31 13:24:23.025 DEBUG 18076 --- [http-nio-8080-exec-1] com.soreak.dao.TopicDao.getTopicList     : ==>  Preparing: SELECT t.*,u.nickname as 'userName',u.avatar as 'userAvatar' FROM sk_topic t,sk_user u WHERE t.user_id = u.id and t.published = 1 ORDER BY t.update_time DESC
2021-03-31 13:24:23.026 DEBUG 18076 --- [http-nio-8080-exec-1] com.soreak.dao.TopicDao.getTopicList     : ==> Parameters: 
2021-03-31 13:24:23.028 DEBUG 18076 --- [http-nio-8080-exec-1] com.soreak.dao.TopicDao.getTopicList     : <==      Total: 4
2021-03-31 13:24:23.029 DEBUG 18076 --- [http-nio-8080-exec-1] c.s.dao.TopicCommentDao.selectCount      : ==>  Preparing: SELECT COUNT( 1 ) FROM sk_topic_comment WHERE (topic_id = ?)
2021-03-31 13:24:23.029 DEBUG 18076 --- [http-nio-8080-exec-1] c.s.dao.TopicCommentDao.selectCount      : ==> Parameters: 1(Long)
2021-03-31 13:24:23.030 DEBUG 18076 --- [http-nio-8080-exec-1] c.s.dao.TopicCommentDao.selectCount      : <==      Total: 1
2021-03-31 13:24:23.032 DEBUG 18076 --- [http-nio-8080-exec-1] c.s.dao.TopicCommentDao.selectCount      : ==>  Preparing: SELECT COUNT( 1 ) FROM sk_topic_comment WHERE (topic_id = ?)
2021-03-31 13:24:23.032 DEBUG 18076 --- [http-nio-8080-exec-1] c.s.dao.TopicCommentDao.selectCount      : ==> Parameters: 9(Long)
2021-03-31 13:24:23.033 DEBUG 18076 --- [http-nio-8080-exec-1] c.s.dao.TopicCommentDao.selectCount      : <==      Total: 1
2021-03-31 13:24:23.034 DEBUG 18076 --- [http-nio-8080-exec-1] c.s.dao.TopicCommentDao.selectCount      : ==>  Preparing: SELECT COUNT( 1 ) FROM sk_topic_comment WHERE (topic_id = ?)
2021-03-31 13:24:23.035 DEBUG 18076 --- [http-nio-8080-exec-1] c.s.dao.TopicCommentDao.selectCount      : ==> Parameters: 3(Long)
2021-03-31 13:24:23.036 DEBUG 18076 --- [http-nio-8080-exec-1] c.s.dao.TopicCommentDao.selectCount      : <==      Total: 1
2021-03-31 13:24:23.037 DEBUG 18076 --- [http-nio-8080-exec-1] c.s.dao.TopicCommentDao.selectCount      : ==>  Preparing: SELECT COUNT( 1 ) FROM sk_topic_comment WHERE (topic_id = ?)
2021-03-31 13:24:23.038 DEBUG 18076 --- [http-nio-8080-exec-1] c.s.dao.TopicCommentDao.selectCount      : ==> Parameters: 2(Long)
2021-03-31 13:24:23.038 DEBUG 18076 --- [http-nio-8080-exec-1] c.s.dao.TopicCommentDao.selectCount      : <==      Total: 1
2021-03-31 13:24:23.039 DEBUG 18076 --- [http-nio-8080-exec-1] c.s.d.TagDao.getTagNameAndCountByTopics  : ==>  Preparing: select t.id,t.name,COUNT(*) as 'count' FROM sk_tag t,sk_topic tp,sk_topic_tag tt where tp.published = 1 and t.id = tt.tag_id and tp.id = tt.topic_id GROUP BY t.`Name` ORDER BY COUNT(*) desc LIMIT 8
2021-03-31 13:24:23.040 DEBUG 18076 --- [http-nio-8080-exec-1] c.s.d.TagDao.getTagNameAndCountByTopics  : ==> Parameters: 
2021-03-31 13:24:23.041 DEBUG 18076 --- [http-nio-8080-exec-1] c.s.d.TagDao.getTagNameAndCountByTopics  : <==      Total: 2
2021-03-31 13:24:24.156 DEBUG 18076 --- [http-nio-8080-exec-3] com.soreak.dao.UserDao.selectOne         : ==>  Preparing: SELECT id,qq,password,git,role,create_time,phone,wechat,nickname,update_time,information,avatar,email FROM sk_user WHERE (phone = ?)
2021-03-31 13:24:24.156 DEBUG 18076 --- [http-nio-8080-exec-3] com.soreak.dao.UserDao.selectOne         : ==> Parameters: 17689400639(String)
2021-03-31 13:24:24.158 DEBUG 18076 --- [http-nio-8080-exec-3] com.soreak.dao.UserDao.selectOne         : <==      Total: 1
2021-03-31 13:24:24.159 DEBUG 18076 --- [http-nio-8080-exec-3] c.s.d.T.getAllTagNameAndCountByBlog      : ==>  Preparing: select t.id,t.name,COUNT(*) as 'count' FROM sk_tag t,sk_blog b,sk_blog_tag bt where t.id = bt.tag_id and b.id = bt.blog_id GROUP BY t.`Name` ORDER BY COUNT(*) desc
2021-03-31 13:24:24.159 DEBUG 18076 --- [http-nio-8080-exec-3] c.s.d.T.getAllTagNameAndCountByBlog      : ==> Parameters: 
2021-03-31 13:24:24.161 DEBUG 18076 --- [http-nio-8080-exec-3] c.s.d.T.getAllTagNameAndCountByBlog      : <==      Total: 4
2021-03-31 13:24:24.163 DEBUG 18076 --- [http-nio-8080-exec-3] c.s.d.T.getAllTagNameAndCountByNews      : ==>  Preparing: select t.id,t.name,COUNT(*) as 'count' FROM sk_tag t,sk_news n,sk_news_tag nt where t.id = nt.tag_id and n.id = nt.news_id GROUP BY t.`Name` ORDER BY COUNT(*) desc
2021-03-31 13:24:24.164 DEBUG 18076 --- [http-nio-8080-exec-3] c.s.d.T.getAllTagNameAndCountByNews      : ==> Parameters: 
2021-03-31 13:24:24.165 DEBUG 18076 --- [http-nio-8080-exec-3] c.s.d.T.getAllTagNameAndCountByNews      : <==      Total: 3
2021-03-31 13:24:24.167 DEBUG 18076 --- [http-nio-8080-exec-3] c.s.d.T.getAllTagNameAndCountByTopics    : ==>  Preparing: select t.id,t.name,COUNT(*) as 'count' FROM sk_tag t,sk_topic tp,sk_topic_tag tt where tp.published = 1 and t.id = tt.tag_id and tp.id = tt.topic_id GROUP BY t.`Name` ORDER BY COUNT(*) desc
2021-03-31 13:24:24.167 DEBUG 18076 --- [http-nio-8080-exec-3] c.s.d.T.getAllTagNameAndCountByTopics    : ==> Parameters: 
2021-03-31 13:24:24.168 DEBUG 18076 --- [http-nio-8080-exec-3] c.s.d.T.getAllTagNameAndCountByTopics    : <==      Total: 2
2021-03-31 13:24:46.990 DEBUG 18076 --- [http-nio-8080-exec-10] com.soreak.dao.UserDao.selectList        : ==>  Preparing: SELECT id,qq,password,git,role,create_time,phone,wechat,nickname,update_time,information,avatar,email FROM sk_user WHERE (role = ?)
2021-03-31 13:24:46.990 DEBUG 18076 --- [http-nio-8080-exec-10] com.soreak.dao.UserDao.selectList        : ==> Parameters: 0(Integer)
2021-03-31 13:24:46.992 DEBUG 18076 --- [http-nio-8080-exec-10] com.soreak.dao.UserDao.selectList        : <==      Total: 4
2021-03-31 13:24:46.993 DEBUG 18076 --- [http-nio-8080-exec-10] com.soreak.dao.UserDao.selectAll         : ==>  Preparing: select * from sk_user
2021-03-31 13:24:46.993 DEBUG 18076 --- [http-nio-8080-exec-10] com.soreak.dao.UserDao.selectAll         : ==> Parameters: 
2021-03-31 13:24:46.994 DEBUG 18076 --- [http-nio-8080-exec-10] com.soreak.dao.UserDao.selectAll         : <==      Total: 6
2021-03-31 13:25:42.154 DEBUG 18076 --- [http-nio-8080-exec-10] com.soreak.dao.TagDao.selectList         : ==>  Preparing: SELECT id,name FROM sk_tag ORDER BY id ASC
2021-03-31 13:25:42.154 DEBUG 18076 --- [http-nio-8080-exec-10] com.soreak.dao.TagDao.selectList         : ==> Parameters: 
2021-03-31 13:25:42.155 DEBUG 18076 --- [http-nio-8080-exec-10] com.soreak.dao.TagDao.selectList         : <==      Total: 9
